  [1m[35m (1.3ms)[0m  [1m[34mSELECT sqlite_version(*)[0m
  [1m[35m (17.2ms)[0m  [1m[35mCREATE TABLE "schema_migrations" ("version" varchar NOT NULL PRIMARY KEY)[0m
  [1m[35m (15.1ms)[0m  [1m[35mCREATE TABLE "ar_internal_metadata" ("key" varchar NOT NULL PRIMARY KEY, "value" varchar, "created_at" datetime(6) NOT NULL, "updated_at" datetime(6) NOT NULL)[0m
  [1m[36mActiveRecord::SchemaMigration Pluck (0.2ms)[0m  [1m[34mSELECT "schema_migrations"."version" FROM "schema_migrations" ORDER BY "schema_migrations"."version" ASC[0m
Migrating to CreateRestaurants (20220629233021)
  [1m[36mTRANSACTION (0.1ms)[0m  [1m[36mbegin transaction[0m
  [1m[35m (0.4ms)[0m  [1m[35mCREATE TABLE "restaurants" ("id" integer PRIMARY KEY AUTOINCREMENT NOT NULL, "name" varchar NOT NULL, "fee" integer DEFAULT 0 NOT NULL, "time_required" integer NOT NULL, "created_at" datetime(6) NOT NULL, "updated_at" datetime(6) NOT NULL)[0m
  [1m[36mActiveRecord::SchemaMigration Create (0.2ms)[0m  [1m[32mINSERT INTO "schema_migrations" ("version") VALUES (?)[0m  [["version", "20220629233021"]]
  [1m[36mTRANSACTION (13.7ms)[0m  [1m[36mcommit transaction[0m
Migrating to CreateFoods (20220629233111)
  [1m[36mTRANSACTION (0.1ms)[0m  [1m[36mbegin transaction[0m
  [1m[35m (0.2ms)[0m  [1m[35mCREATE TABLE "foods" ("id" integer PRIMARY KEY AUTOINCREMENT NOT NULL, "restaurant_id" integer NOT NULL, "name" varchar NOT NULL, "price" integer NOT NULL, "description" text NOT NULL, "created_at" datetime(6) NOT NULL, "updated_at" datetime(6) NOT NULL, CONSTRAINT "fk_rails_eae1e5c8ad"
FOREIGN KEY ("restaurant_id")
  REFERENCES "restaurants" ("id")
)[0m
  [1m[35m (0.1ms)[0m  [1m[35mCREATE INDEX "index_foods_on_restaurant_id" ON "foods" ("restaurant_id")[0m
  [1m[36mActiveRecord::SchemaMigration Create (0.1ms)[0m  [1m[32mINSERT INTO "schema_migrations" ("version") VALUES (?)[0m  [["version", "20220629233111"]]
  [1m[36mTRANSACTION (12.9ms)[0m  [1m[36mcommit transaction[0m
Migrating to CreateLineFoods (20220629233122)
  [1m[36mTRANSACTION (0.1ms)[0m  [1m[36mbegin transaction[0m
  [1m[35m (0.2ms)[0m  [1m[35mCREATE TABLE "line_foods" ("id" integer PRIMARY KEY AUTOINCREMENT NOT NULL, "food_id" integer NOT NULL, "restaurant_id" integer NOT NULL, "order_id" integer, "count" integer DEFAULT 0 NOT NULL, "active" boolean DEFAULT 0 NOT NULL, "created_at" datetime(6) NOT NULL, "updated_at" datetime(6) NOT NULL, CONSTRAINT "fk_rails_51ed53b961"
FOREIGN KEY ("food_id")
  REFERENCES "foods" ("id")
, CONSTRAINT "fk_rails_1e43acf94b"
FOREIGN KEY ("restaurant_id")
  REFERENCES "restaurants" ("id")
, CONSTRAINT "fk_rails_1facd9ad30"
FOREIGN KEY ("order_id")
  REFERENCES "orders" ("id")
)[0m
  [1m[35m (0.1ms)[0m  [1m[35mCREATE INDEX "index_line_foods_on_food_id" ON "line_foods" ("food_id")[0m
  [1m[35m (0.1ms)[0m  [1m[35mCREATE INDEX "index_line_foods_on_restaurant_id" ON "line_foods" ("restaurant_id")[0m
  [1m[35m (0.1ms)[0m  [1m[35mCREATE INDEX "index_line_foods_on_order_id" ON "line_foods" ("order_id")[0m
  [1m[36mActiveRecord::SchemaMigration Create (0.1ms)[0m  [1m[32mINSERT INTO "schema_migrations" ("version") VALUES (?)[0m  [["version", "20220629233122"]]
  [1m[36mTRANSACTION (13.4ms)[0m  [1m[36mcommit transaction[0m
Migrating to CreateOrders (20220629233137)
  [1m[36mTRANSACTION (0.1ms)[0m  [1m[36mbegin transaction[0m
  [1m[35m (0.2ms)[0m  [1m[35mCREATE TABLE "orders" ("id" integer PRIMARY KEY AUTOINCREMENT NOT NULL, "total_price" integer DEFAULT 0 NOT NULL, "created_at" datetime(6) NOT NULL, "updated_at" datetime(6) NOT NULL)[0m
  [1m[36mActiveRecord::SchemaMigration Create (0.2ms)[0m  [1m[32mINSERT INTO "schema_migrations" ("version") VALUES (?)[0m  [["version", "20220629233137"]]
  [1m[36mTRANSACTION (13.5ms)[0m  [1m[36mcommit transaction[0m
  [1m[36mActiveRecord::InternalMetadata Load (0.2ms)[0m  [1m[34mSELECT "ar_internal_metadata".* FROM "ar_internal_metadata" WHERE "ar_internal_metadata"."key" = ? LIMIT ?[0m  [["key", "environment"], ["LIMIT", 1]]
  [1m[36mTRANSACTION (0.1ms)[0m  [1m[36mbegin transaction[0m
  [1m[36mActiveRecord::InternalMetadata Create (0.2ms)[0m  [1m[32mINSERT INTO "ar_internal_metadata" ("key", "value", "created_at", "updated_at") VALUES (?, ?, ?, ?)[0m  [["key", "environment"], ["value", "development"], ["created_at", "2022-06-29 23:51:31.321003"], ["updated_at", "2022-06-29 23:51:31.321003"]]
  [1m[36mTRANSACTION (11.7ms)[0m  [1m[36mcommit transaction[0m
  [1m[35m (0.1ms)[0m  [1m[34mSELECT sqlite_version(*)[0m
  [1m[36mActiveRecord::SchemaMigration Pluck (0.3ms)[0m  [1m[34mSELECT "schema_migrations"."version" FROM "schema_migrations" ORDER BY "schema_migrations"."version" ASC[0m
